[15:25:38] [main/INFO] (FabricLoader/GameProvider) Loading Minecraft 1.20.4 with Fabric Loader 0.15.3
[15:25:38] [main/INFO] (FabricLoader) Loading 67 mods:
	- adaptive-tooltips 1.3.0
	- fabric-api 0.93.1+1.20.4
	- fabric-api-base 0.4.35+78d798af4f
	- fabric-api-lookup-api-v1 1.6.46+82b1bb3e4f
	- fabric-biome-api-v1 13.0.15+78d798af4f
	- fabric-block-api-v1 1.0.14+78d798af4f
	- fabric-block-view-api-v2 1.0.3+78d798af4f
	- fabric-blockrenderlayer-v1 1.1.45+78d798af4f
	- fabric-client-tags-api-v1 1.1.6+78d798af4f
	- fabric-command-api-v1 1.2.40+f71b366f4f
	- fabric-command-api-v2 2.2.19+78d798af4f
	- fabric-commands-v0 0.2.57+df3654b34f
	- fabric-containers-v0 0.1.83+df3654b34f
	- fabric-content-registries-v0 5.0.9+78d798af4f
	- fabric-convention-tags-v1 1.5.9+78d798af4f
	- fabric-crash-report-info-v1 0.2.22+78d798af4f
	- fabric-data-generation-api-v1 13.1.19+78d798af4f
	- fabric-dimensions-v1 2.1.60+78d798af4f
	- fabric-entity-events-v1 1.5.28+4ced05924f
	- fabric-events-interaction-v0 0.7.0+389931eb4f
	- fabric-events-lifecycle-v0 0.2.71+df3654b34f
	- fabric-game-rule-api-v1 1.0.45+78d798af4f
	- fabric-gametest-api-v1 1.3.0+a21facc04f
	- fabric-item-api-v1 2.1.34+78d798af4f
	- fabric-item-group-api-v1 4.0.20+78d798af4f
	- fabric-key-binding-api-v1 1.0.40+78d798af4f
	- fabric-keybindings-v0 0.2.38+df3654b34f
	- fabric-lifecycle-events-v1 2.2.29+78d798af4f
	- fabric-loot-api-v2 2.1.4+78d798af4f
	- fabric-message-api-v1 6.0.4+78d798af4f
	- fabric-mining-level-api-v1 2.1.59+78d798af4f
	- fabric-model-loading-api-v1 1.0.7+78d798af4f
	- fabric-models-v0 0.4.6+9386d8a74f
	- fabric-networking-api-v1 3.1.4+b7e146354f
	- fabric-object-builder-api-v1 13.0.8+06274a474f
	- fabric-particles-v1 1.1.6+78d798af4f
	- fabric-recipe-api-v1 2.0.17+78d798af4f
	- fabric-registry-sync-v0 4.0.15+78d798af4f
	- fabric-renderer-api-v1 3.2.3+78d798af4f
	- fabric-renderer-indigo 1.5.3+78d798af4f
	- fabric-renderer-registries-v1 3.2.50+df3654b34f
	- fabric-rendering-data-attachment-v1 0.3.41+73761d2e4f
	- fabric-rendering-fluids-v1 3.0.32+78d798af4f
	- fabric-rendering-v0 1.1.53+df3654b34f
	- fabric-rendering-v1 3.0.12+78d798af4f
	- fabric-resource-conditions-api-v1 2.3.13+78d798af4f
	- fabric-resource-loader-v0 0.11.15+78d798af4f
	- fabric-screen-api-v1 2.0.16+78d798af4f
	- fabric-screen-handler-api-v1 1.3.52+78d798af4f
	- fabric-sound-api-v1 1.0.16+78d798af4f
	- fabric-transfer-api-v1 4.0.7+e84342304f
	- fabric-transitive-access-wideners-v1 5.0.13+78d798af4f
	- fabricloader 0.15.3
	- java 17
	- minecraft 1.20.4
	- mixinextras 0.3.2
	- modmenu 9.0.0
	- nbt_viewer 1.0.0
	- yet_another_config_lib_v3 3.3.1+1.20.4
	   |-- com_twelvemonkeys_common_common-image 3.10.0
	   |-- com_twelvemonkeys_common_common-io 3.10.0
	   |-- com_twelvemonkeys_common_common-lang 3.10.0
	   |-- com_twelvemonkeys_imageio_imageio-core 3.10.0
	   |-- com_twelvemonkeys_imageio_imageio-metadata 3.10.0
	   |-- com_twelvemonkeys_imageio_imageio-webp 3.10.0
	   |-- org_quiltmc_parsers_gson 0.2.1
	   \-- org_quiltmc_parsers_json 0.2.1
[15:25:40] [main/INFO] (FabricLoader/Mixin) SpongePowered MIXIN Subsystem Version=0.8.5 Source=file:/C:/Users/HeDeAn/.gradle/caches/modules-2/files-2.1/net.fabricmc/sponge-mixin/0.12.5+mixin.0.8.5/8d31fb97c3e0cd7c8dad3441851c523bcfae6d8e/sponge-mixin-0.12.5+mixin.0.8.5.jar Service=Knot/Fabric Env=CLIENT
[15:25:40] [main/INFO] (FabricLoader/Mixin) Loaded Fabric development mappings for mixin remapper!
[15:25:40] [main/INFO] (FabricLoader/Mixin) Compatibility level set to JAVA_17
[15:25:42] [main/INFO] (FabricLoader/MixinExtras|Service) Initializing MixinExtras via com.llamalad7.mixinextras.service.MixinExtrasServiceImpl(version=0.3.2).
[15:25:46] [Datafixer Bootstrap/INFO] (Minecraft) 198 Datafixer optimizations took 105 milliseconds
[15:25:48] [Render thread/INFO] (Minecraft) Environment: Environment[sessionHost=https://sessionserver.mojang.com, servicesHost=https://api.minecraftservices.com, name=PROD]
[15:25:48] [Render thread/INFO] (Minecraft) Setting user: Player162
[15:25:48] [Render thread/INFO] (fabric-networking-api-v1) Force Packet Serialization is enabled to mimic remote connection on single player, this is the default behaviour on dev env. Add -Dfabric-api.networking.force-packet-serialization=false JVM arg to disable it.
[15:25:48] [Render thread/INFO] (nbt_viewer) Hello Fabric world!
[15:25:48] [Render thread/INFO] (Indigo) [Indigo] Registering Indigo renderer!
[15:25:48] [Download-2/ERROR] (Minecraft) Failed to fetch user properties
com.mojang.authlib.exceptions.InvalidCredentialsException: Status: 401
	at com.mojang.authlib.exceptions.MinecraftClientHttpException.toAuthenticationException(MinecraftClientHttpException.java:59) ~[authlib-6.0.52.jar:?]
	at com.mojang.authlib.yggdrasil.YggdrasilUserApiService.fetchProperties(YggdrasilUserApiService.java:150) ~[authlib-6.0.52.jar:?]
	at net.minecraft.client.MinecraftClient.method_55608(MinecraftClient.java:467) ~[minecraft-merged-1f338b2c9f-1.20.4-net.fabricmc.yarn.1_20_4.1.20.4+build.3-v2.jar:?]
	at java.util.concurrent.CompletableFuture$AsyncSupply.run(CompletableFuture.java:1768) ~[?:?]
	at java.util.concurrent.ThreadPoolExecutor.runWorker(ThreadPoolExecutor.java:1136) ~[?:?]
	at java.util.concurrent.ThreadPoolExecutor$Worker.run(ThreadPoolExecutor.java:635) ~[?:?]
	at java.lang.Thread.run(Thread.java:840) ~[?:?]
Caused by: com.mojang.authlib.exceptions.MinecraftClientHttpException: Status: 401
	at com.mojang.authlib.minecraft.client.MinecraftClient.readInputStream(MinecraftClient.java:100) ~[authlib-6.0.52.jar:?]
	at com.mojang.authlib.minecraft.client.MinecraftClient.get(MinecraftClient.java:57) ~[authlib-6.0.52.jar:?]
	at com.mojang.authlib.yggdrasil.YggdrasilUserApiService.fetchProperties(YggdrasilUserApiService.java:121) ~[authlib-6.0.52.jar:?]
	... 5 more
[15:25:48] [Render thread/INFO] (YetAnotherConfigLib) Deserializing AdaptiveTooltipConfig from 'F:\_Code\NbtViewer\run\config\adaptive-tooltips.json'
[15:25:49] [Worker-Main-1/INFO] (Mod Menu/Update Checker) Checking mod updates...
[15:25:49] [Render thread/INFO] (Minecraft) Backend library: LWJGL version 3.3.2-snapshot
[15:25:51] [Render thread/INFO] (Minecraft) Reloading ResourceManager: vanilla, fabric (fabric-crash-report-info-v1, fabric-key-binding-api-v1, fabric-keybindings-v0, fabric-renderer-indigo, fabric-rendering-v0, fabric-message-api-v1, fabric-transitive-access-wideners-v1, fabric-object-builder-api-v1, fabric-game-rule-api-v1, fabric-loot-api-v2, fabric-models-v0, fabric-screen-handler-api-v1, fabric-rendering-v1, fabric-renderer-api-v1, fabric-recipe-api-v1, adaptive-tooltips, fabric-events-lifecycle-v0, fabric-convention-tags-v1, fabric-biome-api-v1, fabric-item-api-v1, yet_another_config_lib_v3, modmenu, fabric-lifecycle-events-v1, fabric-rendering-fluids-v1, fabric-resource-loader-v0, fabric-api, fabric-blockrenderlayer-v1, fabric-api-lookup-api-v1, fabric-client-tags-api-v1, fabric-rendering-data-attachment-v1, fabric-registry-sync-v0, fabric-gametest-api-v1, fabric-model-loading-api-v1, fabric-command-api-v2, fabric-sound-api-v1, fabric-commands-v0, fabric-block-view-api-v2, fabric-entity-events-v1, nbt_viewer, fabric-dimensions-v1, fabric-block-api-v1, fabric-api-base, fabric-resource-conditions-api-v1, fabric-item-group-api-v1, fabric-renderer-registries-v1, fabric-data-generation-api-v1, fabric-screen-api-v1, fabric-command-api-v1, fabric-events-interaction-v0, fabric-content-registries-v0, fabric-mining-level-api-v1, fabric-networking-api-v1, fabric-containers-v0, fabric-transfer-api-v1, fabric-particles-v1, fabricloader)
[15:25:51] [Worker-Main-1/WARN] (Minecraft) File minecraft:sounds/mob/wolf/armor_equip1.ogg does not exist, cannot add it to event minecraft:entity.wolf.armor_equip
[15:25:51] [Worker-Main-1/WARN] (Minecraft) File minecraft:sounds/mob/wolf/armor_equip1.ogg does not exist, cannot add it to event minecraft:entity.wolf.armor_equip
[15:25:51] [Worker-Main-1/WARN] (Minecraft) File minecraft:sounds/mob/wolf/armor_equip2.ogg does not exist, cannot add it to event minecraft:entity.wolf.armor_equip
[15:25:51] [Worker-Main-1/WARN] (Minecraft) File minecraft:sounds/mob/wolf/armor_equip2.ogg does not exist, cannot add it to event minecraft:entity.wolf.armor_equip
[15:25:51] [Worker-Main-1/WARN] (Minecraft) File minecraft:sounds/mob/wolf/armor_unequip1.ogg does not exist, cannot add it to event minecraft:entity.wolf.armor_unequip
[15:25:51] [Worker-Main-9/INFO] (Minecraft) Found unifont_all_no_pua-15.1.04.hex, loading
[15:25:51] [Worker-Main-1/WARN] (Minecraft) File minecraft:sounds/mob/wolf/armor_unequip2.ogg does not exist, cannot add it to event minecraft:entity.wolf.armor_unequip
[15:25:52] [Render thread/WARN] (Minecraft) Missing sound for event: minecraft:item.goat_horn.play
[15:25:52] [Render thread/WARN] (Minecraft) Missing sound for event: minecraft:entity.goat.screaming.horn_break
[15:25:53] [Render thread/INFO] (Minecraft) OpenAL initialized on device OpenAL Soft on Lautsprecher (Realtek(R) Audio)
[15:25:53] [Render thread/INFO] (Minecraft) Sound engine started
[15:25:53] [Render thread/INFO] (Minecraft) Created: 1024x512x4 minecraft:textures/atlas/blocks.png-atlas
[15:25:53] [Render thread/INFO] (Minecraft) Created: 256x256x4 minecraft:textures/atlas/signs.png-atlas
[15:25:53] [Render thread/INFO] (Minecraft) Created: 512x512x4 minecraft:textures/atlas/banner_patterns.png-atlas
[15:25:53] [Render thread/INFO] (Minecraft) Created: 512x512x4 minecraft:textures/atlas/shield_patterns.png-atlas
[15:25:53] [Render thread/INFO] (Minecraft) Created: 1024x1024x4 minecraft:textures/atlas/armor_trims.png-atlas
[15:25:53] [Render thread/INFO] (Minecraft) Created: 256x256x4 minecraft:textures/atlas/chest.png-atlas
[15:25:53] [Render thread/INFO] (Minecraft) Created: 128x64x4 minecraft:textures/atlas/decorated_pot.png-atlas
[15:25:53] [Render thread/INFO] (Minecraft) Created: 512x256x4 minecraft:textures/atlas/beds.png-atlas
[15:25:53] [Render thread/INFO] (Minecraft) Created: 512x256x4 minecraft:textures/atlas/shulker_boxes.png-atlas
[15:25:53] [Render thread/WARN] (Minecraft) Shader rendertype_entity_translucent_emissive could not find sampler named Sampler2 in the specified shader program.
[15:25:53] [Render thread/INFO] (Minecraft) Created: 512x256x0 minecraft:textures/atlas/particles.png-atlas
[15:25:53] [Render thread/INFO] (Minecraft) Created: 256x256x0 minecraft:textures/atlas/paintings.png-atlas
[15:25:53] [Render thread/INFO] (Minecraft) Created: 128x128x0 minecraft:textures/atlas/mob_effects.png-atlas
[15:25:53] [Render thread/INFO] (Minecraft) Created: 1024x512x0 minecraft:textures/atlas/gui.png-atlas
[15:25:53] [IO-Worker-1/INFO] (Minecraft) Could not authorize you against Realms server: Invalid session id
[15:25:53] [IO-Worker-1/ERROR] (Minecraft) Couldn't connect to realms
net.minecraft.client.realms.exception.RealmsServiceException: Realms authentication error with message 'Invalid session id'
	at net.minecraft.client.realms.RealmsClient.execute(RealmsClient.java:447) ~[minecraft-merged-1f338b2c9f-1.20.4-net.fabricmc.yarn.1_20_4.1.20.4+build.3-v2.jar:?]
	at net.minecraft.client.realms.RealmsClient.clientCompatible(RealmsClient.java:232) ~[minecraft-merged-1f338b2c9f-1.20.4-net.fabricmc.yarn.1_20_4.1.20.4+build.3-v2.jar:?]
	at net.minecraft.client.realms.RealmsAvailability.method_52627(RealmsAvailability.java:45) ~[minecraft-merged-1f338b2c9f-1.20.4-net.fabricmc.yarn.1_20_4.1.20.4+build.3-v2.jar:?]
	at java.util.concurrent.CompletableFuture$AsyncSupply.run(CompletableFuture.java:1768) ~[?:?]
	at java.util.concurrent.ThreadPoolExecutor.runWorker(ThreadPoolExecutor.java:1136) ~[?:?]
	at java.util.concurrent.ThreadPoolExecutor$Worker.run(ThreadPoolExecutor.java:635) ~[?:?]
	at java.lang.Thread.run(Thread.java:840) ~[?:?]
[15:25:57] [Render thread/INFO] (Minecraft) Loaded 7 recipes
[15:25:57] [Render thread/INFO] (Minecraft) Loaded 1271 advancements
[15:25:58] [Render thread/INFO] (BiomeModificationImpl) Applied 0 biome modifications to 0 of 64 new biomes in 1.618 ms
[15:25:58] [Server thread/INFO] (Minecraft) Starting integrated minecraft server version 1.20.4
[15:25:58] [Server thread/INFO] (Minecraft) Generating keypair
[15:25:59] [Server thread/INFO] (Minecraft) Preparing start region for dimension minecraft:overworld
[15:26:00] [Render thread/INFO] (Minecraft) Preparing spawn area: 0%
[15:26:00] [Render thread/INFO] (Minecraft) Preparing spawn area: 0%
[15:26:00] [Render thread/INFO] (Minecraft) Preparing spawn area: 0%
[15:26:00] [Render thread/INFO] (Minecraft) Preparing spawn area: 0%
[15:26:01] [Render thread/INFO] (Minecraft) Preparing spawn area: 61%
[15:26:01] [Render thread/INFO] (Minecraft) Time elapsed: 2111 ms
[15:26:01] [Server thread/INFO] (Minecraft) Changing view distance to 12, from 10
[15:26:01] [Server thread/INFO] (Minecraft) Changing simulation distance to 12, from 0
[15:26:02] [Server thread/INFO] (Minecraft) Player162[local:E:044340a0] logged in with entity id 174 at (-348.41579813185353, 70.0, 161.131797369288)
[15:26:02] [Server thread/INFO] (Minecraft) Player162 joined the game
[15:26:02] [Render thread/INFO] (Minecraft) Loaded 9 advancements
[15:26:19] [Server thread/INFO] (Minecraft) Saving and pausing game...
[15:26:19] [Server thread/INFO] (Minecraft) Saving chunks for level 'ServerLevel[New World]'/minecraft:overworld
[15:26:19] [Server thread/INFO] (Minecraft) Saving chunks for level 'ServerLevel[New World]'/minecraft:the_nether
[15:26:19] [Server thread/INFO] (Minecraft) Saving chunks for level 'ServerLevel[New World]'/minecraft:the_end
[15:26:19] [Server thread/INFO] (Minecraft) Player162 lost connection: Disconnected
[15:26:19] [Server thread/INFO] (Minecraft) Player162 left the game
[15:26:19] [Server thread/INFO] (Minecraft) Stopping singleplayer server as player logged out
[15:26:19] [Server thread/INFO] (Minecraft) Stopping server
[15:26:19] [Server thread/INFO] (Minecraft) Saving players
[15:26:19] [Server thread/INFO] (Minecraft) Saving worlds
[15:26:20] [Server thread/INFO] (Minecraft) Saving chunks for level 'ServerLevel[New World]'/minecraft:overworld
[15:26:20] [Server thread/INFO] (Minecraft) Saving chunks for level 'ServerLevel[New World]'/minecraft:the_nether
[15:26:20] [Server thread/INFO] (Minecraft) Saving chunks for level 'ServerLevel[New World]'/minecraft:the_end
[15:26:20] [Server thread/INFO] (Minecraft) ThreadedAnvilChunkStorage (New World): All chunks are saved
[15:26:20] [Server thread/INFO] (Minecraft) ThreadedAnvilChunkStorage (DIM-1): All chunks are saved
[15:26:20] [Server thread/INFO] (Minecraft) ThreadedAnvilChunkStorage (DIM1): All chunks are saved
[15:26:20] [Server thread/INFO] (Minecraft) ThreadedAnvilChunkStorage: All dimensions are saved
[15:26:21] [Render thread/INFO] (Minecraft) Stopping!
